生成启动时间为 2018-11-28 11:16:32。
     1>项目“D:\VsWorkSpace\OOP_LSL_GIS\OOP_LSL_GIS\OOP_LSL_GIS.vcxproj”在节点 2 上(Build 个目标)。
     1>ClCompile:
         D:\VS2012\VC\bin\CL.exe /c /ZI /nologo /W3 /WX- /sdl /Od /Oy- /D WIN32 /D _WINDOWS /D _DEBUG /D _UNICODE /D UNICODE /D _AFXDLL /Gm /EHsc /RTC1 /MDd /GS /fp:precise /Zc:wchar_t /Zc:forScope /Yu"stdafx.h" /Fp"Debug\OOP_LSL_GIS.pch" /Fo"Debug\\" /Fd"Debug\vc110.pdb" /Gd /TP /analyze- /errorReport:prompt GeoAnno.cpp GeoLayer.cpp GeoMap.cpp GeoObject.cpp GeoPloyline.cpp GeoPoint.cpp MainFrm.cpp OOP_LSL_GIS.cpp OOP_LSL_GISView.cpp
         OOP_LSL_GISView.cpp
         OOP_LSL_GIS.cpp
         MainFrm.cpp
         GeoPoint.cpp
         GeoPloyline.cpp
         GeoObject.cpp
         GeoMap.cpp
         GeoLayer.cpp
         GeoAnno.cpp
         正在生成代码...
     1>cl : 命令行 warning D9028: 最小重新生成失败，正在转换为标准生成
       Link:
         D:\VS2012\VC\bin\link.exe /ERRORREPORT:PROMPT /OUT:"D:\VsWorkSpace\OOP_LSL_GIS\Debug\OOP_LSL_GIS.exe" /INCREMENTAL /NOLOGO /MANIFEST /MANIFESTUAC:"level='asInvoker' uiAccess='false'" /manifest:embed /manifestinput:D:\VS2012\VC\Include\Manifest\dpiaware.manifest /DEBUG /PDB:"D:\VsWorkSpace\OOP_LSL_GIS\Debug\OOP_LSL_GIS.pdb" /SUBSYSTEM:WINDOWS /TLBID:1 /ENTRY:"wWinMainCRTStartup" /DYNAMICBASE /NXCOMPAT /IMPLIB:"D:\VsWorkSpace\OOP_LSL_GIS\Debug\OOP_LSL_GIS.lib" /MACHINE:X86 Debug\OOP_LSL_GIS.res
         Debug\GeoAnno.obj
         Debug\GeoLayer.obj
         Debug\GeoMap.obj
         Debug\GeoObject.obj
         Debug\GeoPloyline.obj
         Debug\GeoPoint.obj
         Debug\MainFrm.obj
         Debug\OOP_LSL_GIS.obj
         Debug\OOP_LSL_GISDoc.obj
         Debug\OOP_LSL_GISView.obj
         Debug\stdafx.obj
         LINK : 没有找到 D:\VsWorkSpace\OOP_LSL_GIS\Debug\OOP_LSL_GIS.exe 或上一个增量链接没有生成它；正在执行完全链接
         OOP_LSL_GIS.vcxproj -> D:\VsWorkSpace\OOP_LSL_GIS\Debug\OOP_LSL_GIS.exe
     1>已完成生成项目“D:\VsWorkSpace\OOP_LSL_GIS\OOP_LSL_GIS\OOP_LSL_GIS.vcxproj”(Build 个目标)的操作。

生成成功。

已用时间 00:00:01.81
