D:\VSWORKSPACE\OOP_LSL_GIS\OOP_LSL_GIS\DEBUG\OOP_LSL_GIS.PCH
D:\VSWORKSPACE\OOP_LSL_GIS\OOP_LSL_GIS\DEBUG\STDAFX.OBJ
D:\VSWORKSPACE\OOP_LSL_GIS\OOP_LSL_GIS\DEBUG\VC110.PDB
D:\VSWORKSPACE\OOP_LSL_GIS\OOP_LSL_GIS\DEBUG\GEOANNO.OBJ
D:\VSWORKSPACE\OOP_LSL_GIS\OOP_LSL_GIS\DEBUG\GEOLAYER.OBJ
D:\VSWORKSPACE\OOP_LSL_GIS\OOP_LSL_GIS\DEBUG\GEOMAP.OBJ
D:\VSWORKSPACE\OOP_LSL_GIS\OOP_LSL_GIS\DEBUG\GEOOBJECT.OBJ
D:\VSWORKSPACE\OOP_LSL_GIS\OOP_LSL_GIS\DEBUG\GEOPLOYLINE.OBJ
D:\VSWORKSPACE\OOP_LSL_GIS\OOP_LSL_GIS\DEBUG\GEOPOINT.OBJ
D:\VSWORKSPACE\OOP_LSL_GIS\OOP_LSL_GIS\DEBUG\GEOPOLYGON.OBJ
D:\VSWORKSPACE\OOP_LSL_GIS\OOP_LSL_GIS\DEBUG\MAINFRM.OBJ
D:\VSWORKSPACE\OOP_LSL_GIS\OOP_LSL_GIS\DEBUG\MAPPROJECT.OBJ
D:\VSWORKSPACE\OOP_LSL_GIS\OOP_LSL_GIS\DEBUG\MAPPROJECTIONGK.OBJ
D:\VSWORKSPACE\OOP_LSL_GIS\OOP_LSL_GIS\DEBUG\MAPPROJECTIONLAMBERT.OBJ
D:\VSWORKSPACE\OOP_LSL_GIS\OOP_LSL_GIS\DEBUG\MAPPROJECTIONMERCATOR.OBJ
D:\VSWORKSPACE\OOP_LSL_GIS\OOP_LSL_GIS\DEBUG\MAPPROJECTIONUTM.OBJ
D:\VSWORKSPACE\OOP_LSL_GIS\OOP_LSL_GIS\DEBUG\MYCMAP.OBJ
D:\VSWORKSPACE\OOP_LSL_GIS\OOP_LSL_GIS\DEBUG\OOP_LSL_GIS.OBJ
D:\VSWORKSPACE\OOP_LSL_GIS\OOP_LSL_GIS\DEBUG\OOP_LSL_GISDOC.OBJ
D:\VSWORKSPACE\OOP_LSL_GIS\OOP_LSL_GIS\DEBUG\OOP_LSL_GISVIEW.OBJ
D:\VSWORKSPACE\OOP_LSL_GIS\OOP_LSL_GIS\DEBUG\PGEOLAYER.OBJ
D:\VSWORKSPACE\OOP_LSL_GIS\OOP_LSL_GIS\DEBUG\PGEOOBJECT.OBJ
D:\VSWORKSPACE\OOP_LSL_GIS\OOP_LSL_GIS\DEBUG\PGEOPOINT.OBJ
D:\VSWORKSPACE\OOP_LSL_GIS\OOP_LSL_GIS\DEBUG\CONVEXHULL.OBJ
D:\VSWORKSPACE\OOP_LSL_GIS\DEBUG\OOP_LSL_GIS.ILK
D:\VSWORKSPACE\OOP_LSL_GIS\DEBUG\OOP_LSL_GIS.EXE
D:\VSWORKSPACE\OOP_LSL_GIS\DEBUG\OOP_LSL_GIS.PDB
D:\VSWORKSPACE\OOP_LSL_GIS\OOP_LSL_GIS\DEBUG\OOP_LSL_GIS.RES
D:\VsWorkSpace\OOP_LSL_GIS\OOP_LSL_GIS\Debug\ConvexHull.obj
D:\VsWorkSpace\OOP_LSL_GIS\OOP_LSL_GIS\Debug\GeoAnno.obj
D:\VsWorkSpace\OOP_LSL_GIS\OOP_LSL_GIS\Debug\GeoLayer.obj
D:\VsWorkSpace\OOP_LSL_GIS\OOP_LSL_GIS\Debug\GeoMap.obj
D:\VsWorkSpace\OOP_LSL_GIS\OOP_LSL_GIS\Debug\GeoObject.obj
D:\VsWorkSpace\OOP_LSL_GIS\OOP_LSL_GIS\Debug\GeoPloyline.obj
D:\VsWorkSpace\OOP_LSL_GIS\OOP_LSL_GIS\Debug\GeoPoint.obj
D:\VsWorkSpace\OOP_LSL_GIS\OOP_LSL_GIS\Debug\GeoPolygon.obj
D:\VsWorkSpace\OOP_LSL_GIS\OOP_LSL_GIS\Debug\MainFrm.obj
D:\VsWorkSpace\OOP_LSL_GIS\OOP_LSL_GIS\Debug\MapProject.obj
D:\VsWorkSpace\OOP_LSL_GIS\OOP_LSL_GIS\Debug\MapProjectionGK.obj
D:\VsWorkSpace\OOP_LSL_GIS\OOP_LSL_GIS\Debug\MapProjectionLambert.obj
D:\VsWorkSpace\OOP_LSL_GIS\OOP_LSL_GIS\Debug\MapProjectionMercator.obj
D:\VsWorkSpace\OOP_LSL_GIS\OOP_LSL_GIS\Debug\MapProjectionUTM.obj
D:\VsWorkSpace\OOP_LSL_GIS\OOP_LSL_GIS\Debug\MyCMap.obj
D:\VsWorkSpace\OOP_LSL_GIS\OOP_LSL_GIS\Debug\OOP_LSL_GIS.obj
D:\VsWorkSpace\OOP_LSL_GIS\OOP_LSL_GIS\Debug\OOP_LSL_GISDoc.obj
D:\VsWorkSpace\OOP_LSL_GIS\OOP_LSL_GIS\Debug\OOP_LSL_GISView.obj
D:\VsWorkSpace\OOP_LSL_GIS\OOP_LSL_GIS\Debug\PGeoLayer.obj
D:\VsWorkSpace\OOP_LSL_GIS\OOP_LSL_GIS\Debug\PGeoObject.obj
D:\VsWorkSpace\OOP_LSL_GIS\OOP_LSL_GIS\Debug\PGeoPoint.obj
D:\VsWorkSpace\OOP_LSL_GIS\OOP_LSL_GIS\Debug\stdafx.obj
D:\VsWorkSpace\OOP_LSL_GIS\OOP_LSL_GIS\Debug\msado15.tli
D:\VsWorkSpace\OOP_LSL_GIS\OOP_LSL_GIS\Debug\msado15.tlh
D:\VsWorkSpace\OOP_LSL_GIS\OOP_LSL_GIS\Debug\cl.command.1.tlog
D:\VsWorkSpace\OOP_LSL_GIS\OOP_LSL_GIS\Debug\CL.read.1.tlog
D:\VsWorkSpace\OOP_LSL_GIS\OOP_LSL_GIS\Debug\CL.write.1.tlog
D:\VsWorkSpace\OOP_LSL_GIS\OOP_LSL_GIS\Debug\link-cvtres.read.1.tlog
D:\VsWorkSpace\OOP_LSL_GIS\OOP_LSL_GIS\Debug\link-cvtres.write.1.tlog
D:\VsWorkSpace\OOP_LSL_GIS\OOP_LSL_GIS\Debug\link-mt.read.1.tlog
D:\VsWorkSpace\OOP_LSL_GIS\OOP_LSL_GIS\Debug\link-mt.write.1.tlog
D:\VsWorkSpace\OOP_LSL_GIS\OOP_LSL_GIS\Debug\link-rc.read.1.tlog
D:\VsWorkSpace\OOP_LSL_GIS\OOP_LSL_GIS\Debug\link-rc.write.1.tlog
D:\VsWorkSpace\OOP_LSL_GIS\OOP_LSL_GIS\Debug\link.command.1.tlog
D:\VsWorkSpace\OOP_LSL_GIS\OOP_LSL_GIS\Debug\link.read.1.tlog
D:\VsWorkSpace\OOP_LSL_GIS\OOP_LSL_GIS\Debug\link.write.1.tlog
D:\VsWorkSpace\OOP_LSL_GIS\OOP_LSL_GIS\Debug\rc.command.1.tlog
D:\VsWorkSpace\OOP_LSL_GIS\OOP_LSL_GIS\Debug\rc.read.1.tlog
D:\VsWorkSpace\OOP_LSL_GIS\OOP_LSL_GIS\Debug\rc.write.1.tlog
D:\VsWorkSpace\OOP_LSL_GIS\OOP_LSL_GIS\Debug\OOP_LSL_GIS.res
D:\VsWorkSpace\OOP_LSL_GIS\OOP_LSL_GIS\Debug\OOP_LSL_GIS.pch
D:\VsWorkSpace\OOP_LSL_GIS\OOP_LSL_GIS\Debug\vc110.idb
D:\VsWorkSpace\OOP_LSL_GIS\OOP_LSL_GIS\Debug\vc110.pdb
D:\VsWorkSpace\OOP_LSL_GIS\Debug\OOP_LSL_GIS.pdb
D:\VsWorkSpace\OOP_LSL_GIS\Debug\OOP_LSL_GIS.exe
D:\VsWorkSpace\OOP_LSL_GIS\Debug\OOP_LSL_GIS.ilk
